commit 28e6f110a5a8e1f673583db33586ebcdacce3622
Author: First-name Family-name <egutiatsuki@example.com>
Date:   Fri Apr 28 15:52:30 2023 +0900

    Update tetris.js

commit 4316e7b461d73aadf11385596c12762a3f29185c
Author: First-name Family-name <egutiatsuki@example.com>
Date:   Fri Apr 28 15:48:23 2023 +0900

    もうちょい変更

commit 57cdeac31a9f8be22903ada85c641af71e84b463
Author: First-name Family-name <egutiatsuki@example.com>
Date:   Fri Apr 28 15:46:13 2023 +0900

    up変更

commit 45081b342114930c91923cb8381ac425b2f67ebc
Author: First-name Family-name <egutiatsuki@example.com>
Date:   Fri Apr 28 15:41:52 2023 +0900

    hennkou
    
    色とキー配置を変更

commit f7b84fb1f1fa207947b2a4e4c774b63cdb320d2e
Author: First-name Family-name <egutiatsuki@example.com>
Date:   Fri Apr 28 15:22:04 2023 +0900

    インポート
